# JRE version: OpenJDK Runtime Environment Temurin-17.0.9+9 (17.0.9+9) (build 17.0.9+9)
# Java VM: OpenJDK 64-Bit Server VM Temurin-17.0.9+9 (17.0.9+9, mixed mode, tiered, compressed oops, compressed class ptrs, parallel gc, windows-amd64)
GC Precious Log:
 CPUs: 8 total, 8 available
 Memory: 7937M
 Large Page Support: Disabled
 NUMA Support: Disabled
 Compressed Oops: Enabled (32-bit)
 Alignments: Space 512K, Generation 512K, Heap 2M
 Heap Min Capacity: 100M
 Heap Initial Capacity: 100M
 Heap Max Capacity: 1G
 Pre-touch: Disabled
 Parallel Workers: 8
Heap:
 PSYoungGen      total 19968K, used 7318K [0x00000000eab00000, 0x00000000ec300000, 0x0000000100000000)
  eden space 18432K, 32% used [0x00000000eab00000,0x00000000eb0c6d70,0x00000000ebd00000)
  from space 1536K, 91% used [0x00000000ec180000,0x00000000ec2dedf0,0x00000000ec300000)
  to   space 2560K, 0% used [0x00000000ebe00000,0x00000000ebe00000,0x00000000ec080000)
 ParOldGen       total 68608K, used 36363K [0x00000000c0000000, 0x00000000c4300000, 0x00000000eab00000)
  object space 68608K, 53% used [0x00000000c0000000,0x00000000c2382dc0,0x00000000c4300000)
 Metaspace       used 47249K, committed 48000K, reserved 1114112K
  class space    used 4898K, committed 5248K, reserved 1048576K
GC Heap History (20 events):
Event: 4.029 GC heap before
{Heap before GC invocations=15 (full 2):
 PSYoungGen      total 24576K, used 24480K [0x00000000eab00000, 0x00000000ec800000, 0x0000000100000000)
  eden space 22016K, 100% used [0x00000000eab00000,0x00000000ec080000,0x00000000ec080000)
  from space 2560K, 96% used [0x00000000ec580000,0x00000000ec7e8000,0x00000000ec800000)
  to   space 3072K, 0% used [0x00000000ec200000,0x00000000ec200000,0x00000000ec500000)
 ParOldGen       total 68608K, used 17050K [0x00000000c0000000, 0x00000000c4300000, 0x00000000eab00000)
  object space 68608K, 24% used [0x00000000c0000000,0x00000000c10a69a0,0x00000000c4300000)
 Metaspace       used 37060K, committed 37760K, reserved 1114112K
  class space    used 3773K, committed 4096K, reserved 1048576K
}
Event: 4.033 GC heap after
{Heap after GC invocations=15 (full 2):
 PSYoungGen      total 25088K, used 2688K [0x00000000eab00000, 0x00000000ec680000, 0x0000000100000000)
  eden space 22016K, 0% used [0x00000000eab00000,0x00000000eab00000,0x00000000ec080000)
  from space 3072K, 87% used [0x00000000ec200000,0x00000000ec4a0010,0x00000000ec500000)
  to   space 1536K, 0% used [0x00000000ec500000,0x00000000ec500000,0x00000000ec680000)
 ParOldGen       total 68608K, used 19410K [0x00000000c0000000, 0x00000000c4300000, 0x00000000eab00000)
  object space 68608K, 28% used [0x00000000c0000000,0x00000000c12f49a0,0x00000000c4300000)
 Metaspace       used 37060K, committed 37760K, reserved 1114112K
  class space    used 3773K, committed 4096K, reserved 1048576K
}
Event: 4.177 GC heap before
{Heap before GC invocations=16 (full 2):
 PSYoungGen      total 25088K, used 24704K [0x00000000eab00000, 0x00000000ec680000, 0x0000000100000000)
  eden space 22016K, 100% used [0x00000000eab00000,0x00000000ec080000,0x00000000ec080000)
  from space 3072K, 87% used [0x00000000ec200000,0x00000000ec4a0010,0x00000000ec500000)
  to   space 1536K, 0% used [0x00000000ec500000,0x00000000ec500000,0x00000000ec680000)
 ParOldGen       total 68608K, used 19410K [0x00000000c0000000, 0x00000000c4300000, 0x00000000eab00000)
  object space 68608K, 28% used [0x00000000c0000000,0x00000000c12f49a0,0x00000000c4300000)
 Metaspace       used 37675K, committed 38464K, reserved 1114112K
  class space    used 3852K, committed 4224K, reserved 1048576K
}
Event: 4.181 GC heap after
{Heap after GC invocations=16 (full 2):
 PSYoungGen      total 22016K, used 1520K [0x00000000eab00000, 0x00000000ecc80000, 0x0000000100000000)
  eden space 20480K, 0% used [0x00000000eab00000,0x00000000eab00000,0x00000000ebf00000)
  from space 1536K, 98% used [0x00000000ec500000,0x00000000ec67c010,0x00000000ec680000)
  to   space 6144K, 0% used [0x00000000ebf00000,0x00000000ebf00000,0x00000000ec500000)
 ParOldGen       total 68608K, used 23242K [0x00000000c0000000, 0x00000000c4300000, 0x00000000eab00000)
  object space 68608K, 33% used [0x00000000c0000000,0x00000000c16b29d0,0x00000000c4300000)
 Metaspace       used 37675K, committed 38464K, reserved 1114112K
  class space    used 3852K, committed 4224K, reserved 1048576K
}
Event: 4.464 GC heap before
{Heap before GC invocations=17 (full 2):
 PSYoungGen      total 22016K, used 21982K [0x00000000eab00000, 0x00000000ecc80000, 0x0000000100000000)
  eden space 20480K, 99% used [0x00000000eab00000,0x00000000ebefb8b8,0x00000000ebf00000)
  from space 1536K, 98% used [0x00000000ec500000,0x00000000ec67c010,0x00000000ec680000)
  to   space 6144K, 0% used [0x00000000ebf00000,0x00000000ebf00000,0x00000000ec500000)
 ParOldGen       total 68608K, used 23242K [0x00000000c0000000, 0x00000000c4300000, 0x00000000eab00000)
  object space 68608K, 33% used [0x00000000c0000000,0x00000000c16b29d0,0x00000000c4300000)
 Metaspace       used 39504K, committed 40320K, reserved 1114112K
  class space    used 4066K, committed 4416K, reserved 1048576K
}
Event: 4.466 GC heap after
{Heap after GC invocations=17 (full 2):
 PSYoungGen      total 21504K, used 903K [0x00000000eab00000, 0x00000000ec580000, 0x0000000100000000)
  eden space 20480K, 0% used [0x00000000eab00000,0x00000000eab00000,0x00000000ebf00000)
  from space 1024K, 88% used [0x00000000ebf00000,0x00000000ebfe1d28,0x00000000ec000000)
  to   space 2560K, 0% used [0x00000000ec300000,0x00000000ec300000,0x00000000ec580000)
 ParOldGen       total 68608K, used 24696K [0x00000000c0000000, 0x00000000c4300000, 0x00000000eab00000)
  object space 68608K, 35% used [0x00000000c0000000,0x00000000c181e250,0x00000000c4300000)
 Metaspace       used 39504K, committed 40320K, reserved 1114112K
  class space    used 4066K, committed 4416K, reserved 1048576K
}
Event: 4.844 GC heap before
{Heap before GC invocations=18 (full 2):
 PSYoungGen      total 21504K, used 21383K [0x00000000eab00000, 0x00000000ec580000, 0x0000000100000000)
  eden space 20480K, 100% used [0x00000000eab00000,0x00000000ebf00000,0x00000000ebf00000)
  from space 1024K, 88% used [0x00000000ebf00000,0x00000000ebfe1d28,0x00000000ec000000)
  to   space 2560K, 0% used [0x00000000ec300000,0x00000000ec300000,0x00000000ec580000)
 ParOldGen       total 68608K, used 24696K [0x00000000c0000000, 0x00000000c4300000, 0x00000000eab00000)
  object space 68608K, 35% used [0x00000000c0000000,0x00000000c181e250,0x00000000c4300000)
 Metaspace       used 40481K, committed 41216K, reserved 1114112K
  class space    used 4180K, committed 4544K, reserved 1048576K
}
Event: 4.846 GC heap after
{Heap after GC invocations=18 (full 2):
 PSYoungGen      total 20992K, used 416K [0x00000000eab00000, 0x00000000ec380000, 0x0000000100000000)
  eden space 20480K, 0% used [0x00000000eab00000,0x00000000eab00000,0x00000000ebf00000)
  from space 512K, 81% used [0x00000000ec300000,0x00000000ec368000,0x00000000ec380000)
  to   space 1024K, 0% used [0x00000000ec180000,0x00000000ec180000,0x00000000ec280000)
 ParOldGen       total 68608K, used 25448K [0x00000000c0000000, 0x00000000c4300000, 0x00000000eab00000)
  object space 68608K, 37% used [0x00000000c0000000,0x00000000c18da3c0,0x00000000c4300000)
 Metaspace       used 40481K, committed 41216K, reserved 1114112K
  class space    used 4180K, committed 4544K, reserved 1048576K
}
Event: 5.261 GC heap before
{Heap before GC invocations=19 (full 2):
 PSYoungGen      total 20992K, used 20896K [0x00000000eab00000, 0x00000000ec380000, 0x0000000100000000)
  eden space 20480K, 100% used [0x00000000eab00000,0x00000000ebf00000,0x00000000ebf00000)
  from space 512K, 81% used [0x00000000ec300000,0x00000000ec368000,0x00000000ec380000)
  to   space 1024K, 0% used [0x00000000ec180000,0x00000000ec180000,0x00000000ec280000)
 ParOldGen       total 68608K, used 25448K [0x00000000c0000000, 0x00000000c4300000, 0x00000000eab00000)
  object space 68608K, 37% used [0x00000000c0000000,0x00000000c18da3c0,0x00000000c4300000)
 Metaspace       used 43654K, committed 44352K, reserved 1114112K
  class space    used 4548K, committed 4864K, reserved 1048576K
}
Event: 5.263 GC heap after
{Heap after GC invocations=19 (full 2):
 PSYoungGen      total 21504K, used 1010K [0x00000000eab00000, 0x00000000ec400000, 0x0000000100000000)
  eden space 20480K, 0% used [0x00000000eab00000,0x00000000eab00000,0x00000000ebf00000)
  from space 1024K, 98% used [0x00000000ec180000,0x00000000ec27cb20,0x00000000ec280000)
  to   space 1536K, 0% used [0x00000000ec280000,0x00000000ec280000,0x00000000ec400000)
 ParOldGen       total 68608K, used 26272K [0x00000000c0000000, 0x00000000c4300000, 0x00000000eab00000)
  object space 68608K, 38% used [0x00000000c0000000,0x00000000c19a8140,0x00000000c4300000)
 Metaspace       used 43654K, committed 44352K, reserved 1114112K
  class space    used 4548K, committed 4864K, reserved 1048576K
}
Event: 5.331 GC heap before
{Heap before GC invocations=20 (full 2):
 PSYoungGen      total 21504K, used 21490K [0x00000000eab00000, 0x00000000ec400000, 0x0000000100000000)
  eden space 20480K, 100% used [0x00000000eab00000,0x00000000ebf00000,0x00000000ebf00000)
  from space 1024K, 98% used [0x00000000ec180000,0x00000000ec27cb20,0x00000000ec280000)
  to   space 1536K, 0% used [0x00000000ec280000,0x00000000ec280000,0x00000000ec400000)
 ParOldGen       total 68608K, used 26272K [0x00000000c0000000, 0x00000000c4300000, 0x00000000eab00000)
  object space 68608K, 38% used [0x00000000c0000000,0x00000000c19a8140,0x00000000c4300000)
 Metaspace       used 43692K, committed 44416K, reserved 1114112K
  class space    used 4549K, committed 4864K, reserved 1048576K
}
Event: 5.333 GC heap after
{Heap after GC invocations=20 (full 2):
 PSYoungGen      total 22016K, used 1454K [0x00000000eab00000, 0x00000000ec400000, 0x0000000100000000)
  eden space 20480K, 0% used [0x00000000eab00000,0x00000000eab00000,0x00000000ebf00000)
  from space 1536K, 94% used [0x00000000ec280000,0x00000000ec3eb8f0,0x00000000ec400000)
  to   space 2048K, 0% used [0x00000000ec000000,0x00000000ec000000,0x00000000ec200000)
 ParOldGen       total 68608K, used 27315K [0x00000000c0000000, 0x00000000c4300000, 0x00000000eab00000)
  object space 68608K, 39% used [0x00000000c0000000,0x00000000c1aace80,0x00000000c4300000)
 Metaspace       used 43692K, committed 44416K, reserved 1114112K
  class space    used 4549K, committed 4864K, reserved 1048576K
}
Event: 5.525 GC heap before
{Heap before GC invocations=21 (full 2):
 PSYoungGen      total 22016K, used 21934K [0x00000000eab00000, 0x00000000ec400000, 0x0000000100000000)
  eden space 20480K, 100% used [0x00000000eab00000,0x00000000ebf00000,0x00000000ebf00000)
  from space 1536K, 94% used [0x00000000ec280000,0x00000000ec3eb8f0,0x00000000ec400000)
  to   space 2048K, 0% used [0x00000000ec000000,0x00000000ec000000,0x00000000ec200000)
 ParOldGen       total 68608K, used 27315K [0x00000000c0000000, 0x00000000c4300000, 0x00000000eab00000)
  object space 68608K, 39% used [0x00000000c0000000,0x00000000c1aace80,0x00000000c4300000)
 Metaspace       used 45055K, committed 45824K, reserved 1114112K
  class space    used 4679K, committed 4992K, reserved 1048576K
}
Event: 5.527 GC heap after
{Heap after GC invocations=21 (full 2):
 PSYoungGen      total 22528K, used 352K [0x00000000eab00000, 0x00000000ec300000, 0x0000000100000000)
  eden space 20480K, 0% used [0x00000000eab00000,0x00000000eab00000,0x00000000ebf00000)
  from space 2048K, 17% used [0x00000000ec000000,0x00000000ec058000,0x00000000ec200000)
  to   space 1024K, 0% used [0x00000000ec200000,0x00000000ec200000,0x00000000ec300000)
 ParOldGen       total 68608K, used 27699K [0x00000000c0000000, 0x00000000c4300000, 0x00000000eab00000)
  object space 68608K, 40% used [0x00000000c0000000,0x00000000c1b0ce80,0x00000000c4300000)
 Metaspace       used 45055K, committed 45824K, reserved 1114112K
  class space    used 4679K, committed 4992K, reserved 1048576K
}
Event: 5.991 GC heap before
{Heap before GC invocations=22 (full 2):
 PSYoungGen      total 22528K, used 20832K [0x00000000eab00000, 0x00000000ec300000, 0x0000000100000000)
  eden space 20480K, 100% used [0x00000000eab00000,0x00000000ebf00000,0x00000000ebf00000)
  from space 2048K, 17% used [0x00000000ec000000,0x00000000ec058000,0x00000000ec200000)
  to   space 1024K, 0% used [0x00000000ec200000,0x00000000ec200000,0x00000000ec300000)
 ParOldGen       total 68608K, used 27699K [0x00000000c0000000, 0x00000000c4300000, 0x00000000eab00000)
  object space 68608K, 40% used [0x00000000c0000000,0x00000000c1b0ce80,0x00000000c4300000)
 Metaspace       used 45726K, committed 46592K, reserved 1114112K
  class space    used 4745K, committed 5120K, reserved 1048576K
}
Event: 5.995 GC heap after
{Heap after GC invocations=22 (full 2):
 PSYoungGen      total 19456K, used 1003K [0x00000000eab00000, 0x00000000ec900000, 0x0000000100000000)
  eden space 18432K, 0% used [0x00000000eab00000,0x00000000eab00000,0x00000000ebd00000)
  from space 1024K, 98% used [0x00000000ec200000,0x00000000ec2fafa8,0x00000000ec300000)
  to   space 5120K, 0% used [0x00000000ebd00000,0x00000000ebd00000,0x00000000ec200000)
 ParOldGen       total 68608K, used 31037K [0x00000000c0000000, 0x00000000c4300000, 0x00000000eab00000)
  object space 68608K, 45% used [0x00000000c0000000,0x00000000c1e4f508,0x00000000c4300000)
 Metaspace       used 45726K, committed 46592K, reserved 1114112K
  class space    used 4745K, committed 5120K, reserved 1048576K
}
Event: 6.250 GC heap before
{Heap before GC invocations=23 (full 2):
 PSYoungGen      total 19456K, used 19435K [0x00000000eab00000, 0x00000000ec900000, 0x0000000100000000)
  eden space 18432K, 100% used [0x00000000eab00000,0x00000000ebd00000,0x00000000ebd00000)
  from space 1024K, 98% used [0x00000000ec200000,0x00000000ec2fafa8,0x00000000ec300000)
  to   space 5120K, 0% used [0x00000000ebd00000,0x00000000ebd00000,0x00000000ec200000)
 ParOldGen       total 68608K, used 31037K [0x00000000c0000000, 0x00000000c4300000, 0x00000000eab00000)
  object space 68608K, 45% used [0x00000000c0000000,0x00000000c1e4f508,0x00000000c4300000)
 Metaspace       used 45788K, committed 46592K, reserved 1114112K
  class space    used 4745K, committed 5120K, reserved 1048576K
}
Event: 6.253 GC heap after
{Heap after GC invocations=23 (full 2):
 PSYoungGen      total 23040K, used 4275K [0x00000000eab00000, 0x00000000ec600000, 0x0000000100000000)
  eden space 18432K, 0% used [0x00000000eab00000,0x00000000eab00000,0x00000000ebd00000)
  from space 4608K, 92% used [0x00000000ebd00000,0x00000000ec12cc20,0x00000000ec180000)
  to   space 4608K, 0% used [0x00000000ec180000,0x00000000ec180000,0x00000000ec600000)
 ParOldGen       total 68608K, used 32213K [0x00000000c0000000, 0x00000000c4300000, 0x00000000eab00000)
  object space 68608K, 46% used [0x00000000c0000000,0x00000000c1f75598,0x00000000c4300000)
 Metaspace       used 45788K, committed 46592K, reserved 1114112K
  class space    used 4745K, committed 5120K, reserved 1048576K
}
Event: 8.186 GC heap before
{Heap before GC invocations=24 (full 2):
 PSYoungGen      total 23040K, used 22707K [0x00000000eab00000, 0x00000000ec600000, 0x0000000100000000)
  eden space 18432K, 100% used [0x00000000eab00000,0x00000000ebd00000,0x00000000ebd00000)
  from space 4608K, 92% used [0x00000000ebd00000,0x00000000ec12cc20,0x00000000ec180000)
  to   space 4608K, 0% used [0x00000000ec180000,0x00000000ec180000,0x00000000ec600000)
 ParOldGen       total 68608K, used 32213K [0x00000000c0000000, 0x00000000c4300000, 0x00000000eab00000)
  object space 68608K, 46% used [0x00000000c0000000,0x00000000c1f75598,0x00000000c4300000)
 Metaspace       used 46850K, committed 47744K, reserved 1114112K
  class space    used 4843K, committed 5248K, reserved 1048576K
}
Event: 8.190 GC heap after
{Heap after GC invocations=24 (full 2):
 PSYoungGen      total 19968K, used 1403K [0x00000000eab00000, 0x00000000ec300000, 0x0000000100000000)
  eden space 18432K, 0% used [0x00000000eab00000,0x00000000eab00000,0x00000000ebd00000)
  from space 1536K, 91% used [0x00000000ec180000,0x00000000ec2dedf0,0x00000000ec300000)
  to   space 2560K, 0% used [0x00000000ebe00000,0x00000000ebe00000,0x00000000ec080000)
 ParOldGen       total 68608K, used 36363K [0x00000000c0000000, 0x00000000c4300000, 0x00000000eab00000)
  object space 68608K, 53% used [0x00000000c0000000,0x00000000c2382dc0,0x00000000c4300000)
 Metaspace       used 46850K, committed 47744K, reserved 1114112K
  class space    used 4843K, committed 5248K, reserved 1048576K
}

