# JRE version: OpenJDK Runtime Environment Temurin-17.0.9+9 (17.0.9+9) (build 17.0.9+9)
# Java VM: OpenJDK 64-Bit Server VM Temurin-17.0.9+9 (17.0.9+9, mixed mode, tiered, compressed oops, compressed class ptrs, parallel gc, windows-amd64)
GC Precious Log:
 CPUs: 8 total, 8 available
 Memory: 7937M
 Large Page Support: Disabled
 NUMA Support: Disabled
 Compressed Oops: Enabled (32-bit)
 Alignments: Space 512K, Generation 512K, Heap 2M
 Heap Min Capacity: 100M
 Heap Initial Capacity: 100M
 Heap Max Capacity: 1G
 Pre-touch: Disabled
 Parallel Workers: 8
Heap:
 PSYoungGen      total 9728K, used 2287K [0x00000000eab00000, 0x00000000eb780000, 0x0000000100000000)
  eden space 7680K, 3% used [0x00000000eab00000,0x00000000eab41f48,0x00000000eb280000)
  from space 2048K, 98% used [0x00000000eb300000,0x00000000eb4f9f78,0x00000000eb500000)
  to   space 2560K, 0% used [0x00000000eb500000,0x00000000eb500000,0x00000000eb780000)
 ParOldGen       total 151040K, used 130249K [0x00000000c0000000, 0x00000000c9380000, 0x00000000eab00000)
  object space 151040K, 86% used [0x00000000c0000000,0x00000000c7f32580,0x00000000c9380000)
 Metaspace       used 66545K, committed 67776K, reserved 1114112K
  class space    used 7081K, committed 7616K, reserved 1048576K
GC Heap History (20 events):
Event: 10.732 GC heap before
{Heap before GC invocations=107 (full 5):
 PSYoungGen      total 10240K, used 10154K [0x00000000eab00000, 0x00000000eb600000, 0x0000000100000000)
  eden space 9216K, 99% used [0x00000000eab00000,0x00000000eb3fbbd0,0x00000000eb400000)
  from space 1024K, 93% used [0x00000000eb500000,0x00000000eb5ef010,0x00000000eb600000)
  to   space 1024K, 0% used [0x00000000eb400000,0x00000000eb400000,0x00000000eb500000)
 ParOldGen       total 133120K, used 129652K [0x00000000c0000000, 0x00000000c8200000, 0x00000000eab00000)
  object space 133120K, 97% used [0x00000000c0000000,0x00000000c7e9d0b0,0x00000000c8200000)
 Metaspace       used 63415K, committed 64512K, reserved 1114112K
  class space    used 6769K, committed 7232K, reserved 1048576K
}
Event: 10.735 GC heap after
{Heap after GC invocations=107 (full 5):
 PSYoungGen      total 10240K, used 1017K [0x00000000eab00000, 0x00000000eb900000, 0x0000000100000000)
  eden space 9216K, 0% used [0x00000000eab00000,0x00000000eab00000,0x00000000eb400000)
  from space 1024K, 99% used [0x00000000eb400000,0x00000000eb4fe710,0x00000000eb500000)
  to   space 2560K, 0% used [0x00000000eb680000,0x00000000eb680000,0x00000000eb900000)
 ParOldGen       total 133120K, used 130615K [0x00000000c0000000, 0x00000000c8200000, 0x00000000eab00000)
  object space 133120K, 98% used [0x00000000c0000000,0x00000000c7f8dff0,0x00000000c8200000)
 Metaspace       used 63415K, committed 64512K, reserved 1114112K
  class space    used 6769K, committed 7232K, reserved 1048576K
}
Event: 10.776 GC heap before
{Heap before GC invocations=108 (full 5):
 PSYoungGen      total 10240K, used 10233K [0x00000000eab00000, 0x00000000eb900000, 0x0000000100000000)
  eden space 9216K, 100% used [0x00000000eab00000,0x00000000eb400000,0x00000000eb400000)
  from space 1024K, 99% used [0x00000000eb400000,0x00000000eb4fe710,0x00000000eb500000)
  to   space 2560K, 0% used [0x00000000eb680000,0x00000000eb680000,0x00000000eb900000)
 ParOldGen       total 133120K, used 130615K [0x00000000c0000000, 0x00000000c8200000, 0x00000000eab00000)
  object space 133120K, 98% used [0x00000000c0000000,0x00000000c7f8dff0,0x00000000c8200000)
 Metaspace       used 63920K, committed 65088K, reserved 1114112K
  class space    used 6807K, committed 7296K, reserved 1048576K
}
Event: 10.779 GC heap after
{Heap after GC invocations=108 (full 5):
 PSYoungGen      total 10752K, used 1382K [0x00000000eab00000, 0x00000000eb800000, 0x0000000100000000)
  eden space 9216K, 0% used [0x00000000eab00000,0x00000000eab00000,0x00000000eb400000)
  from space 1536K, 90% used [0x00000000eb680000,0x00000000eb7d9bc0,0x00000000eb800000)
  to   space 2048K, 0% used [0x00000000eb400000,0x00000000eb400000,0x00000000eb600000)
 ParOldGen       total 133120K, used 131613K [0x00000000c0000000, 0x00000000c8200000, 0x00000000eab00000)
  object space 133120K, 98% used [0x00000000c0000000,0x00000000c80875f0,0x00000000c8200000)
 Metaspace       used 63920K, committed 65088K, reserved 1114112K
  class space    used 6807K, committed 7296K, reserved 1048576K
}
Event: 10.818 GC heap before
{Heap before GC invocations=109 (full 5):
 PSYoungGen      total 10752K, used 10598K [0x00000000eab00000, 0x00000000eb800000, 0x0000000100000000)
  eden space 9216K, 100% used [0x00000000eab00000,0x00000000eb400000,0x00000000eb400000)
  from space 1536K, 90% used [0x00000000eb680000,0x00000000eb7d9bc0,0x00000000eb800000)
  to   space 2048K, 0% used [0x00000000eb400000,0x00000000eb400000,0x00000000eb600000)
 ParOldGen       total 133120K, used 131613K [0x00000000c0000000, 0x00000000c8200000, 0x00000000eab00000)
  object space 133120K, 98% used [0x00000000c0000000,0x00000000c80875f0,0x00000000c8200000)
 Metaspace       used 64049K, committed 65216K, reserved 1114112K
  class space    used 6826K, committed 7296K, reserved 1048576K
}
Event: 10.820 GC heap after
{Heap after GC invocations=109 (full 5):
 PSYoungGen      total 11264K, used 1529K [0x00000000eab00000, 0x00000000eb800000, 0x0000000100000000)
  eden space 9216K, 0% used [0x00000000eab00000,0x00000000eab00000,0x00000000eb400000)
  from space 2048K, 74% used [0x00000000eb400000,0x00000000eb57e4c0,0x00000000eb600000)
  to   space 2048K, 0% used [0x00000000eb600000,0x00000000eb600000,0x00000000eb800000)
 ParOldGen       total 133120K, used 132655K [0x00000000c0000000, 0x00000000c8200000, 0x00000000eab00000)
  object space 133120K, 99% used [0x00000000c0000000,0x00000000c818bef8,0x00000000c8200000)
 Metaspace       used 64049K, committed 65216K, reserved 1114112K
  class space    used 6826K, committed 7296K, reserved 1048576K
}
Event: 10.820 GC heap before
{Heap before GC invocations=110 (full 6):
 PSYoungGen      total 11264K, used 1529K [0x00000000eab00000, 0x00000000eb800000, 0x0000000100000000)
  eden space 9216K, 0% used [0x00000000eab00000,0x00000000eab00000,0x00000000eb400000)
  from space 2048K, 74% used [0x00000000eb400000,0x00000000eb57e4c0,0x00000000eb600000)
  to   space 2048K, 0% used [0x00000000eb600000,0x00000000eb600000,0x00000000eb800000)
 ParOldGen       total 133120K, used 132655K [0x00000000c0000000, 0x00000000c8200000, 0x00000000eab00000)
  object space 133120K, 99% used [0x00000000c0000000,0x00000000c818bef8,0x00000000c8200000)
 Metaspace       used 64049K, committed 65216K, reserved 1114112K
  class space    used 6826K, committed 7296K, reserved 1048576K
}
Event: 10.881 GC heap after
{Heap after GC invocations=110 (full 6):
 PSYoungGen      total 11264K, used 0K [0x00000000eab00000, 0x00000000eb800000, 0x0000000100000000)
  eden space 9216K, 0% used [0x00000000eab00000,0x00000000eab00000,0x00000000eb400000)
  from space 2048K, 0% used [0x00000000eb600000,0x00000000eb600000,0x00000000eb800000)
  to   space 2048K, 0% used [0x00000000eb400000,0x00000000eb400000,0x00000000eb600000)
 ParOldGen       total 151040K, used 126055K [0x00000000c0000000, 0x00000000c9380000, 0x00000000eab00000)
  object space 151040K, 83% used [0x00000000c0000000,0x00000000c7b19e18,0x00000000c9380000)
 Metaspace       used 64049K, committed 65216K, reserved 1114112K
  class space    used 6826K, committed 7296K, reserved 1048576K
}
Event: 10.961 GC heap before
{Heap before GC invocations=111 (full 6):
 PSYoungGen      total 11264K, used 9212K [0x00000000eab00000, 0x00000000eb800000, 0x0000000100000000)
  eden space 9216K, 99% used [0x00000000eab00000,0x00000000eb3ff1b8,0x00000000eb400000)
  from space 2048K, 0% used [0x00000000eb600000,0x00000000eb600000,0x00000000eb800000)
  to   space 2048K, 0% used [0x00000000eb400000,0x00000000eb400000,0x00000000eb600000)
 ParOldGen       total 151040K, used 126055K [0x00000000c0000000, 0x00000000c9380000, 0x00000000eab00000)
  object space 151040K, 83% used [0x00000000c0000000,0x00000000c7b19e18,0x00000000c9380000)
 Metaspace       used 64088K, committed 65216K, reserved 1114112K
  class space    used 6831K, committed 7296K, reserved 1048576K
}
Event: 10.963 GC heap after
{Heap after GC invocations=111 (full 6):
 PSYoungGen      total 10752K, used 1438K [0x00000000eab00000, 0x00000000eb700000, 0x0000000100000000)
  eden space 9216K, 0% used [0x00000000eab00000,0x00000000eab00000,0x00000000eb400000)
  from space 1536K, 93% used [0x00000000eb400000,0x00000000eb567a70,0x00000000eb580000)
  to   space 1536K, 0% used [0x00000000eb580000,0x00000000eb580000,0x00000000eb700000)
 ParOldGen       total 151040K, used 126063K [0x00000000c0000000, 0x00000000c9380000, 0x00000000eab00000)
  object space 151040K, 83% used [0x00000000c0000000,0x00000000c7b1be18,0x00000000c9380000)
 Metaspace       used 64088K, committed 65216K, reserved 1114112K
  class space    used 6831K, committed 7296K, reserved 1048576K
}
Event: 11.032 GC heap before
{Heap before GC invocations=112 (full 6):
 PSYoungGen      total 10752K, used 10654K [0x00000000eab00000, 0x00000000eb700000, 0x0000000100000000)
  eden space 9216K, 100% used [0x00000000eab00000,0x00000000eb400000,0x00000000eb400000)
  from space 1536K, 93% used [0x00000000eb400000,0x00000000eb567a70,0x00000000eb580000)
  to   space 1536K, 0% used [0x00000000eb580000,0x00000000eb580000,0x00000000eb700000)
 ParOldGen       total 151040K, used 126063K [0x00000000c0000000, 0x00000000c9380000, 0x00000000eab00000)
  object space 151040K, 83% used [0x00000000c0000000,0x00000000c7b1be18,0x00000000c9380000)
 Metaspace       used 64436K, committed 65536K, reserved 1114112K
  class space    used 6877K, committed 7360K, reserved 1048576K
}
Event: 11.034 GC heap after
{Heap after GC invocations=112 (full 6):
 PSYoungGen      total 9216K, used 1504K [0x00000000eab00000, 0x00000000eba00000, 0x0000000100000000)
  eden space 7680K, 0% used [0x00000000eab00000,0x00000000eab00000,0x00000000eb280000)
  from space 1536K, 97% used [0x00000000eb580000,0x00000000eb6f83c8,0x00000000eb700000)
  to   space 3072K, 0% used [0x00000000eb280000,0x00000000eb280000,0x00000000eb580000)
 ParOldGen       total 151040K, used 126970K [0x00000000c0000000, 0x00000000c9380000, 0x00000000eab00000)
  object space 151040K, 84% used [0x00000000c0000000,0x00000000c7bfea20,0x00000000c9380000)
 Metaspace       used 64436K, committed 65536K, reserved 1114112K
  class space    used 6877K, committed 7360K, reserved 1048576K
}
Event: 11.082 GC heap before
{Heap before GC invocations=113 (full 6):
 PSYoungGen      total 9216K, used 9184K [0x00000000eab00000, 0x00000000eba00000, 0x0000000100000000)
  eden space 7680K, 100% used [0x00000000eab00000,0x00000000eb280000,0x00000000eb280000)
  from space 1536K, 97% used [0x00000000eb580000,0x00000000eb6f83c8,0x00000000eb700000)
  to   space 3072K, 0% used [0x00000000eb280000,0x00000000eb280000,0x00000000eb580000)
 ParOldGen       total 151040K, used 126970K [0x00000000c0000000, 0x00000000c9380000, 0x00000000eab00000)
  object space 151040K, 84% used [0x00000000c0000000,0x00000000c7bfea20,0x00000000c9380000)
 Metaspace       used 64811K, committed 65920K, reserved 1114112K
  class space    used 6904K, committed 7360K, reserved 1048576K
}
Event: 11.085 GC heap after
{Heap after GC invocations=113 (full 6):
 PSYoungGen      total 9216K, used 1117K [0x00000000eab00000, 0x00000000eb680000, 0x0000000100000000)
  eden space 7680K, 0% used [0x00000000eab00000,0x00000000eab00000,0x00000000eb280000)
  from space 1536K, 72% used [0x00000000eb280000,0x00000000eb397500,0x00000000eb400000)
  to   space 2048K, 0% used [0x00000000eb480000,0x00000000eb480000,0x00000000eb680000)
 ParOldGen       total 151040K, used 128449K [0x00000000c0000000, 0x00000000c9380000, 0x00000000eab00000)
  object space 151040K, 85% used [0x00000000c0000000,0x00000000c7d70620,0x00000000c9380000)
 Metaspace       used 64811K, committed 65920K, reserved 1114112K
  class space    used 6904K, committed 7360K, reserved 1048576K
}
Event: 11.145 GC heap before
{Heap before GC invocations=114 (full 6):
 PSYoungGen      total 9216K, used 8797K [0x00000000eab00000, 0x00000000eb680000, 0x0000000100000000)
  eden space 7680K, 100% used [0x00000000eab00000,0x00000000eb280000,0x00000000eb280000)
  from space 1536K, 72% used [0x00000000eb280000,0x00000000eb397500,0x00000000eb400000)
  to   space 2048K, 0% used [0x00000000eb480000,0x00000000eb480000,0x00000000eb680000)
 ParOldGen       total 151040K, used 128449K [0x00000000c0000000, 0x00000000c9380000, 0x00000000eab00000)
  object space 151040K, 85% used [0x00000000c0000000,0x00000000c7d70620,0x00000000c9380000)
 Metaspace       used 65309K, committed 66432K, reserved 1114112K
  class space    used 6956K, committed 7424K, reserved 1048576K
}
Event: 11.147 GC heap after
{Heap after GC invocations=114 (full 6):
 PSYoungGen      total 9728K, used 1765K [0x00000000eab00000, 0x00000000eb680000, 0x0000000100000000)
  eden space 7680K, 0% used [0x00000000eab00000,0x00000000eab00000,0x00000000eb280000)
  from space 2048K, 86% used [0x00000000eb480000,0x00000000eb639490,0x00000000eb680000)
  to   space 2048K, 0% used [0x00000000eb280000,0x00000000eb280000,0x00000000eb480000)
 ParOldGen       total 151040K, used 128449K [0x00000000c0000000, 0x00000000c9380000, 0x00000000eab00000)
  object space 151040K, 85% used [0x00000000c0000000,0x00000000c7d70620,0x00000000c9380000)
 Metaspace       used 65309K, committed 66432K, reserved 1114112K
  class space    used 6956K, committed 7424K, reserved 1048576K
}
Event: 11.394 GC heap before
{Heap before GC invocations=115 (full 6):
 PSYoungGen      total 9728K, used 9445K [0x00000000eab00000, 0x00000000eb680000, 0x0000000100000000)
  eden space 7680K, 100% used [0x00000000eab00000,0x00000000eb280000,0x00000000eb280000)
  from space 2048K, 86% used [0x00000000eb480000,0x00000000eb639490,0x00000000eb680000)
  to   space 2048K, 0% used [0x00000000eb280000,0x00000000eb280000,0x00000000eb480000)
 ParOldGen       total 151040K, used 128449K [0x00000000c0000000, 0x00000000c9380000, 0x00000000eab00000)
  object space 151040K, 85% used [0x00000000c0000000,0x00000000c7d70620,0x00000000c9380000)
 Metaspace       used 65543K, committed 66688K, reserved 1114112K
  class space    used 6987K, committed 7488K, reserved 1048576K
}
Event: 11.397 GC heap after
{Heap after GC invocations=115 (full 6):
 PSYoungGen      total 9728K, used 2025K [0x00000000eab00000, 0x00000000eb880000, 0x0000000100000000)
  eden space 7680K, 0% used [0x00000000eab00000,0x00000000eab00000,0x00000000eb280000)
  from space 2048K, 98% used [0x00000000eb280000,0x00000000eb47a7b0,0x00000000eb480000)
  to   space 3072K, 0% used [0x00000000eb580000,0x00000000eb580000,0x00000000eb880000)
 ParOldGen       total 151040K, used 128953K [0x00000000c0000000, 0x00000000c9380000, 0x00000000eab00000)
  object space 151040K, 85% used [0x00000000c0000000,0x00000000c7dee4e0,0x00000000c9380000)
 Metaspace       used 65543K, committed 66688K, reserved 1114112K
  class space    used 6987K, committed 7488K, reserved 1048576K
}
Event: 11.482 GC heap before
{Heap before GC invocations=116 (full 6):
 PSYoungGen      total 9728K, used 9705K [0x00000000eab00000, 0x00000000eb880000, 0x0000000100000000)
  eden space 7680K, 100% used [0x00000000eab00000,0x00000000eb280000,0x00000000eb280000)
  from space 2048K, 98% used [0x00000000eb280000,0x00000000eb47a7b0,0x00000000eb480000)
  to   space 3072K, 0% used [0x00000000eb580000,0x00000000eb580000,0x00000000eb880000)
 ParOldGen       total 151040K, used 128953K [0x00000000c0000000, 0x00000000c9380000, 0x00000000eab00000)
  object space 151040K, 85% used [0x00000000c0000000,0x00000000c7dee4e0,0x00000000c9380000)
 Metaspace       used 65876K, committed 67008K, reserved 1114112K
  class space    used 7017K, committed 7488K, reserved 1048576K
}
Event: 11.484 GC heap after
{Heap after GC invocations=116 (full 6):
 PSYoungGen      total 9216K, used 1229K [0x00000000eab00000, 0x00000000eb700000, 0x0000000100000000)
  eden space 7680K, 0% used [0x00000000eab00000,0x00000000eab00000,0x00000000eb280000)
  from space 1536K, 80% used [0x00000000eb580000,0x00000000eb6b34f8,0x00000000eb700000)
  to   space 2048K, 0% used [0x00000000eb300000,0x00000000eb300000,0x00000000eb500000)
 ParOldGen       total 151040K, used 130177K [0x00000000c0000000, 0x00000000c9380000, 0x00000000eab00000)
  object space 151040K, 86% used [0x00000000c0000000,0x00000000c7f20580,0x00000000c9380000)
 Metaspace       used 65876K, committed 67008K, reserved 1114112K
  class space    used 7017K, committed 7488K, reserved 1048576K
}

