# JRE version: Java(TM) SE Runtime Environment (21.0.1+12) (build 21.0.1+12-LTS-29)
# Java VM: Java HotSpot(TM) 64-Bit Server VM (21.0.1+12-LTS-29, mixed mode, sharing, tiered, compressed oops, compressed class ptrs, g1 gc, windows-amd64)
GC Precious Log:
 CardTable entry size: 512
 Card Set container configuration: InlinePtr #cards 5 size 8 Array Of Cards #cards 12 size 40 Howl #buckets 4 coarsen threshold 1843 Howl Bitmap #cards 512 size 80 coarsen threshold 460 Card regions per heap region 1 cards per card region 2048
 CPUs: 8 total, 8 available
 Memory: 7937M
 Large Page Support: Disabled
 NUMA Support: Disabled
 Compressed Oops: Enabled (32-bit)
 Heap Region Size: 1M
 Heap Min Capacity: 8M
 Heap Initial Capacity: 126M
 Heap Max Capacity: 1986M
 Pre-touch: Disabled
 Parallel Workers: 8
 Concurrent Workers: 2
 Concurrent Refinement Workers: 8
 Periodic GC: Disabled
Heap:
 garbage-first heap   total 45056K, used 20057K [0x0000000083e00000, 0x0000000100000000)
  region size 1024K, 1 young (1024K), 1 survivors (1024K)
 Metaspace       used 38929K, committed 39872K, reserved 1114112K
  class space    used 4965K, committed 5376K, reserved 1048576K
GC Heap History (20 events):
Event: 0.669 GC heap after
{Heap after GC invocations=1 (full 0):
 garbage-first heap   total 129024K, used 4981K [0x0000000083e00000, 0x0000000100000000)
  region size 1024K, 3 young (3072K), 3 survivors (3072K)
 Metaspace       used 6776K, committed 7040K, reserved 1114112K
  class space    used 780K, committed 896K, reserved 1048576K
}
Event: 1.073 GC heap before
{Heap before GC invocations=1 (full 0):
 garbage-first heap   total 129024K, used 35701K [0x0000000083e00000, 0x0000000100000000)
  region size 1024K, 34 young (34816K), 3 survivors (3072K)
 Metaspace       used 15044K, committed 15296K, reserved 1114112K
  class space    used 1806K, committed 1920K, reserved 1048576K
}
Event: 1.079 GC heap after
{Heap after GC invocations=2 (full 0):
 garbage-first heap   total 129024K, used 8036K [0x0000000083e00000, 0x0000000100000000)
  region size 1024K, 3 young (3072K), 3 survivors (3072K)
 Metaspace       used 15044K, committed 15296K, reserved 1114112K
  class space    used 1806K, committed 1920K, reserved 1048576K
}
Event: 1.844 GC heap before
{Heap before GC invocations=2 (full 0):
 garbage-first heap   total 129024K, used 47972K [0x0000000083e00000, 0x0000000100000000)
  region size 1024K, 44 young (45056K), 3 survivors (3072K)
 Metaspace       used 21207K, committed 21504K, reserved 1114112K
  class space    used 2590K, committed 2688K, reserved 1048576K
}
Event: 1.851 GC heap after
{Heap after GC invocations=3 (full 0):
 garbage-first heap   total 129024K, used 11537K [0x0000000083e00000, 0x0000000100000000)
  region size 1024K, 7 young (7168K), 7 survivors (7168K)
 Metaspace       used 21207K, committed 21504K, reserved 1114112K
  class space    used 2590K, committed 2688K, reserved 1048576K
}
Event: 2.271 GC heap before
{Heap before GC invocations=4 (full 0):
 garbage-first heap   total 45056K, used 30993K [0x0000000083e00000, 0x0000000100000000)
  region size 1024K, 26 young (26624K), 7 survivors (7168K)
 Metaspace       used 25659K, committed 26176K, reserved 1114112K
  class space    used 3223K, committed 3456K, reserved 1048576K
}
Event: 2.277 GC heap after
{Heap after GC invocations=5 (full 0):
 garbage-first heap   total 45056K, used 14070K [0x0000000083e00000, 0x0000000100000000)
  region size 1024K, 3 young (3072K), 3 survivors (3072K)
 Metaspace       used 25659K, committed 26176K, reserved 1114112K
  class space    used 3223K, committed 3456K, reserved 1048576K
}
Event: 2.707 GC heap before
{Heap before GC invocations=5 (full 0):
 garbage-first heap   total 45056K, used 35574K [0x0000000083e00000, 0x0000000100000000)
  region size 1024K, 24 young (24576K), 3 survivors (3072K)
 Metaspace       used 31022K, committed 31488K, reserved 1114112K
  class space    used 3970K, committed 4160K, reserved 1048576K
}
Event: 2.712 GC heap after
{Heap after GC invocations=6 (full 0):
 garbage-first heap   total 45056K, used 15577K [0x0000000083e00000, 0x0000000100000000)
  region size 1024K, 2 young (2048K), 2 survivors (2048K)
 Metaspace       used 31022K, committed 31488K, reserved 1114112K
  class space    used 3970K, committed 4160K, reserved 1048576K
}
Event: 3.072 GC heap before
{Heap before GC invocations=6 (full 0):
 garbage-first heap   total 45056K, used 36057K [0x0000000083e00000, 0x0000000100000000)
  region size 1024K, 22 young (22528K), 2 survivors (2048K)
 Metaspace       used 34351K, committed 34944K, reserved 1114112K
  class space    used 4449K, committed 4736K, reserved 1048576K
}
Event: 3.076 GC heap after
{Heap after GC invocations=7 (full 0):
 garbage-first heap   total 45056K, used 17912K [0x0000000083e00000, 0x0000000100000000)
  region size 1024K, 3 young (3072K), 3 survivors (3072K)
 Metaspace       used 34351K, committed 34944K, reserved 1114112K
  class space    used 4449K, committed 4736K, reserved 1048576K
}
Event: 3.265 GC heap before
{Heap before GC invocations=7 (full 0):
 garbage-first heap   total 45056K, used 24056K [0x0000000083e00000, 0x0000000100000000)
  region size 1024K, 10 young (10240K), 3 survivors (3072K)
 Metaspace       used 35404K, committed 35968K, reserved 1114112K
  class space    used 4586K, committed 4864K, reserved 1048576K
}
Event: 3.269 GC heap after
{Heap after GC invocations=8 (full 0):
 garbage-first heap   total 45056K, used 18924K [0x0000000083e00000, 0x0000000100000000)
  region size 1024K, 2 young (2048K), 2 survivors (2048K)
 Metaspace       used 35404K, committed 35968K, reserved 1114112K
  class space    used 4586K, committed 4864K, reserved 1048576K
}
Event: 46.100 GC heap before
{Heap before GC invocations=9 (full 0):
 garbage-first heap   total 45056K, used 36332K [0x0000000083e00000, 0x0000000100000000)
  region size 1024K, 20 young (20480K), 2 survivors (2048K)
 Metaspace       used 38780K, committed 39488K, reserved 1114112K
  class space    used 5038K, committed 5376K, reserved 1048576K
}
Event: 46.116 GC heap after
{Heap after GC invocations=10 (full 0):
 garbage-first heap   total 45056K, used 20317K [0x0000000083e00000, 0x0000000100000000)
  region size 1024K, 3 young (3072K), 3 survivors (3072K)
 Metaspace       used 38780K, committed 39488K, reserved 1114112K
  class space    used 5038K, committed 5376K, reserved 1048576K
}
Event: 2627.622 GC heap before
{Heap before GC invocations=10 (full 0):
 garbage-first heap   total 45056K, used 37725K [0x0000000083e00000, 0x0000000100000000)
  region size 1024K, 20 young (20480K), 3 survivors (3072K)
 Metaspace       used 39104K, committed 39808K, reserved 1114112K
  class space    used 5044K, committed 5376K, reserved 1048576K
}
Event: 2627.627 GC heap after
{Heap after GC invocations=11 (full 0):
 garbage-first heap   total 45056K, used 20356K [0x0000000083e00000, 0x0000000100000000)
  region size 1024K, 1 young (1024K), 1 survivors (1024K)
 Metaspace       used 39104K, committed 39808K, reserved 1114112K
  class space    used 5044K, committed 5376K, reserved 1048576K
}
Event: 3136.014 GC heap before
{Heap before GC invocations=11 (full 0):
 garbage-first heap   total 45056K, used 38788K [0x0000000083e00000, 0x0000000100000000)
  region size 1024K, 19 young (19456K), 1 survivors (1024K)
 Metaspace       used 39192K, committed 39872K, reserved 1114112K
  class space    used 5044K, committed 5376K, reserved 1048576K
}
Event: 3136.018 GC heap after
{Heap after GC invocations=12 (full 0):
 garbage-first heap   total 45056K, used 20105K [0x0000000083e00000, 0x0000000100000000)
  region size 1024K, 1 young (1024K), 1 survivors (1024K)
 Metaspace       used 39192K, committed 39872K, reserved 1114112K
  class space    used 5044K, committed 5376K, reserved 1048576K
}
Event: 3646.057 GC heap before
{Heap before GC invocations=13 (full 0):
 garbage-first heap   total 45056K, used 38537K [0x0000000083e00000, 0x0000000100000000)
  region size 1024K, 19 young (19456K), 1 survivors (1024K)
 Metaspace       used 38929K, committed 39872K, reserved 1114112K
  class space    used 4965K, committed 5376K, reserved 1048576K
}

